  GameManager.cpp
c:\users\a-03\downloads\rpg_game_sjh_new\rpg_game_sjh_new\mapdraw.h(19): warning C4838: 'int'에서 'SHORT'(으)로의 변환에는 축소 변환이 필요합니다.
c:\users\a-03\downloads\rpg_game_sjh_new\rpg_game_sjh_new\weapon.h(55): warning C4244: '인수': 'float'에서 'int'(으)로 변환하면서 데이터가 손실될 수 있습니다.
c:\users\a-03\downloads\rpg_game_sjh_new\rpg_game_sjh_new\weapon.h(59): warning C4244: '인수': 'float'에서 'int'(으)로 변환하면서 데이터가 손실될 수 있습니다.
c:\users\a-03\downloads\rpg_game_sjh_new\rpg_game_sjh_new\weapon.h(60): warning C4996: 'getch': The POSIX name for this item is deprecated. Instead, use the ISO C and C++ conformant name: _getch. See online help for details.
  c:\program files (x86)\windows kits\10\include\10.0.17763.0\ucrt\conio.h(453): note: 'getch' 선언을 참조하십시오.
c:\users\a-03\downloads\rpg_game_sjh_new\rpg_game_sjh_new\weapon.h(73): warning C4244: '인수': 'float'에서 'int'(으)로 변환하면서 데이터가 손실될 수 있습니다.
c:\users\a-03\downloads\rpg_game_sjh_new\rpg_game_sjh_new\weapon.h(77): warning C4244: '인수': 'float'에서 'int'(으)로 변환하면서 데이터가 손실될 수 있습니다.
c:\users\a-03\downloads\rpg_game_sjh_new\rpg_game_sjh_new\weapon.h(78): warning C4996: 'getch': The POSIX name for this item is deprecated. Instead, use the ISO C and C++ conformant name: _getch. See online help for details.
  c:\program files (x86)\windows kits\10\include\10.0.17763.0\ucrt\conio.h(453): note: 'getch' 선언을 참조하십시오.
c:\users\a-03\downloads\rpg_game_sjh_new\rpg_game_sjh_new\weapon.h(91): warning C4244: '인수': 'float'에서 'int'(으)로 변환하면서 데이터가 손실될 수 있습니다.
c:\users\a-03\downloads\rpg_game_sjh_new\rpg_game_sjh_new\weapon.h(95): warning C4244: '인수': 'float'에서 'int'(으)로 변환하면서 데이터가 손실될 수 있습니다.
c:\users\a-03\downloads\rpg_game_sjh_new\rpg_game_sjh_new\weapon.h(96): warning C4996: 'getch': The POSIX name for this item is deprecated. Instead, use the ISO C and C++ conformant name: _getch. See online help for details.
  c:\program files (x86)\windows kits\10\include\10.0.17763.0\ucrt\conio.h(453): note: 'getch' 선언을 참조하십시오.
c:\users\a-03\downloads\rpg_game_sjh_new\rpg_game_sjh_new\weapon.h(108): warning C4244: '인수': 'float'에서 'int'(으)로 변환하면서 데이터가 손실될 수 있습니다.
c:\users\a-03\downloads\rpg_game_sjh_new\rpg_game_sjh_new\weapon.h(112): warning C4244: '인수': 'float'에서 'int'(으)로 변환하면서 데이터가 손실될 수 있습니다.
c:\users\a-03\downloads\rpg_game_sjh_new\rpg_game_sjh_new\weapon.h(113): warning C4996: 'getch': The POSIX name for this item is deprecated. Instead, use the ISO C and C++ conformant name: _getch. See online help for details.
  c:\program files (x86)\windows kits\10\include\10.0.17763.0\ucrt\conio.h(453): note: 'getch' 선언을 참조하십시오.
c:\users\a-03\downloads\rpg_game_sjh_new\rpg_game_sjh_new\weapon.h(126): warning C4244: '인수': 'float'에서 'int'(으)로 변환하면서 데이터가 손실될 수 있습니다.
c:\users\a-03\downloads\rpg_game_sjh_new\rpg_game_sjh_new\weapon.h(130): warning C4244: '인수': 'float'에서 'int'(으)로 변환하면서 데이터가 손실될 수 있습니다.
c:\users\a-03\downloads\rpg_game_sjh_new\rpg_game_sjh_new\weapon.h(131): warning C4996: 'getch': The POSIX name for this item is deprecated. Instead, use the ISO C and C++ conformant name: _getch. See online help for details.
  c:\program files (x86)\windows kits\10\include\10.0.17763.0\ucrt\conio.h(453): note: 'getch' 선언을 참조하십시오.
c:\users\a-03\downloads\rpg_game_sjh_new\rpg_game_sjh_new\weapon.h(144): warning C4244: '인수': 'float'에서 'int'(으)로 변환하면서 데이터가 손실될 수 있습니다.
c:\users\a-03\downloads\rpg_game_sjh_new\rpg_game_sjh_new\weapon.h(148): warning C4244: '인수': 'float'에서 'int'(으)로 변환하면서 데이터가 손실될 수 있습니다.
c:\users\a-03\downloads\rpg_game_sjh_new\rpg_game_sjh_new\weapon.h(150): warning C4244: 'return': 'float'에서 'int'(으)로 변환하면서 데이터가 손실될 수 있습니다.
c:\users\a-03\downloads\rpg_game_sjh_new\rpg_game_sjh_new\weapon.h(149): warning C4996: 'getch': The POSIX name for this item is deprecated. Instead, use the ISO C and C++ conformant name: _getch. See online help for details.
  c:\program files (x86)\windows kits\10\include\10.0.17763.0\ucrt\conio.h(453): note: 'getch' 선언을 참조하십시오.
c:\users\a-03\downloads\rpg_game_sjh_new\rpg_game_sjh_new\gamemanager.cpp(11): warning C4244: '인수': 'time_t'에서 'unsigned int'(으)로 변환하면서 데이터가 손실될 수 있습니다.
c:\users\a-03\downloads\rpg_game_sjh_new\rpg_game_sjh_new\gamemanager.cpp(6): warning C4996: 'sprintf': This function or variable may be unsafe. Consider using sprintf_s instead. To disable deprecation, use _CRT_SECURE_NO_WARNINGS. See online help for details.
  c:\program files (x86)\windows kits\10\include\10.0.17763.0\ucrt\stdio.h(1774): note: 'sprintf' 선언을 참조하십시오.
c:\users\a-03\downloads\rpg_game_sjh_new\rpg_game_sjh_new\gamemanager.cpp(74): warning C4244: '초기화 중': 'float'에서 'int'(으)로 변환하면서 데이터가 손실될 수 있습니다.
c:\users\a-03\downloads\rpg_game_sjh_new\rpg_game_sjh_new\gamemanager.cpp(91): warning C4244: '인수': 'float'에서 'int'(으)로 변환하면서 데이터가 손실될 수 있습니다.
c:\users\a-03\downloads\rpg_game_sjh_new\rpg_game_sjh_new\gamemanager.cpp(95): warning C4244: '인수': 'float'에서 'int'(으)로 변환하면서 데이터가 손실될 수 있습니다.
c:\users\a-03\downloads\rpg_game_sjh_new\rpg_game_sjh_new\gamemanager.cpp(99): warning C4244: '인수': 'float'에서 'int'(으)로 변환하면서 데이터가 손실될 수 있습니다.
c:\users\a-03\downloads\rpg_game_sjh_new\rpg_game_sjh_new\gamemanager.cpp(105): warning C4244: '인수': 'float'에서 'int'(으)로 변환하면서 데이터가 손실될 수 있습니다.
c:\users\a-03\downloads\rpg_game_sjh_new\rpg_game_sjh_new\gamemanager.cpp(109): warning C4244: '인수': 'float'에서 'int'(으)로 변환하면서 데이터가 손실될 수 있습니다.
c:\users\a-03\downloads\rpg_game_sjh_new\rpg_game_sjh_new\gamemanager.cpp(113): warning C4244: '인수': 'float'에서 'int'(으)로 변환하면서 데이터가 손실될 수 있습니다.
c:\users\a-03\downloads\rpg_game_sjh_new\rpg_game_sjh_new\gamemanager.cpp(119): warning C4244: '인수': 'float'에서 'int'(으)로 변환하면서 데이터가 손실될 수 있습니다.
c:\users\a-03\downloads\rpg_game_sjh_new\rpg_game_sjh_new\gamemanager.cpp(120): warning C4244: '인수': 'float'에서 'int'(으)로 변환하면서 데이터가 손실될 수 있습니다.
c:\users\a-03\downloads\rpg_game_sjh_new\rpg_game_sjh_new\gamemanager.cpp(124): warning C4244: '인수': 'float'에서 'int'(으)로 변환하면서 데이터가 손실될 수 있습니다.
c:\users\a-03\downloads\rpg_game_sjh_new\rpg_game_sjh_new\gamemanager.cpp(125): warning C4244: '인수': 'float'에서 'int'(으)로 변환하면서 데이터가 손실될 수 있습니다.
c:\users\a-03\downloads\rpg_game_sjh_new\rpg_game_sjh_new\gamemanager.cpp(129): warning C4244: '인수': 'float'에서 'int'(으)로 변환하면서 데이터가 손실될 수 있습니다.
c:\users\a-03\downloads\rpg_game_sjh_new\rpg_game_sjh_new\gamemanager.cpp(130): warning C4244: '인수': 'float'에서 'int'(으)로 변환하면서 데이터가 손실될 수 있습니다.
c:\users\a-03\downloads\rpg_game_sjh_new\rpg_game_sjh_new\gamemanager.cpp(134): warning C4244: '인수': 'float'에서 'int'(으)로 변환하면서 데이터가 손실될 수 있습니다.
c:\users\a-03\downloads\rpg_game_sjh_new\rpg_game_sjh_new\gamemanager.cpp(135): warning C4244: '인수': 'float'에서 'int'(으)로 변환하면서 데이터가 손실될 수 있습니다.
c:\users\a-03\downloads\rpg_game_sjh_new\rpg_game_sjh_new\gamemanager.cpp(153): warning C4244: '인수': 'double'에서 'int'(으)로 변환하면서 데이터가 손실될 수 있습니다.
c:\users\a-03\downloads\rpg_game_sjh_new\rpg_game_sjh_new\gamemanager.cpp(160): warning C4244: '인수': 'double'에서 'int'(으)로 변환하면서 데이터가 손실될 수 있습니다.
c:\users\a-03\downloads\rpg_game_sjh_new\rpg_game_sjh_new\gamemanager.cpp(176): warning C4244: '인수': 'double'에서 'int'(으)로 변환하면서 데이터가 손실될 수 있습니다.
c:\users\a-03\downloads\rpg_game_sjh_new\rpg_game_sjh_new\gamemanager.cpp(183): warning C4244: '인수': 'double'에서 'int'(으)로 변환하면서 데이터가 손실될 수 있습니다.
c:\users\a-03\downloads\rpg_game_sjh_new\rpg_game_sjh_new\gamemanager.cpp(200): warning C4244: '인수': 'double'에서 'int'(으)로 변환하면서 데이터가 손실될 수 있습니다.
c:\users\a-03\downloads\rpg_game_sjh_new\rpg_game_sjh_new\gamemanager.cpp(207): warning C4244: '인수': 'double'에서 'int'(으)로 변환하면서 데이터가 손실될 수 있습니다.
c:\users\a-03\downloads\rpg_game_sjh_new\rpg_game_sjh_new\gamemanager.cpp(219): warning C4244: '인수': 'double'에서 'int'(으)로 변환하면서 데이터가 손실될 수 있습니다.
c:\users\a-03\downloads\rpg_game_sjh_new\rpg_game_sjh_new\gamemanager.cpp(220): warning C4244: '인수': 'double'에서 'int'(으)로 변환하면서 데이터가 손실될 수 있습니다.
c:\users\a-03\downloads\rpg_game_sjh_new\rpg_game_sjh_new\gamemanager.cpp(222): warning C4244: '인수': 'double'에서 'int'(으)로 변환하면서 데이터가 손실될 수 있습니다.
c:\users\a-03\downloads\rpg_game_sjh_new\rpg_game_sjh_new\gamemanager.cpp(224): warning C4244: '인수': 'double'에서 'int'(으)로 변환하면서 데이터가 손실될 수 있습니다.
c:\users\a-03\downloads\rpg_game_sjh_new\rpg_game_sjh_new\gamemanager.cpp(234): warning C4244: '인수': 'double'에서 'int'(으)로 변환하면서 데이터가 손실될 수 있습니다.
c:\users\a-03\downloads\rpg_game_sjh_new\rpg_game_sjh_new\gamemanager.cpp(235): warning C4244: '인수': 'double'에서 'int'(으)로 변환하면서 데이터가 손실될 수 있습니다.
c:\users\a-03\downloads\rpg_game_sjh_new\rpg_game_sjh_new\gamemanager.cpp(250): warning C4244: '인수': 'double'에서 'int'(으)로 변환하면서 데이터가 손실될 수 있습니다.
c:\users\a-03\downloads\rpg_game_sjh_new\rpg_game_sjh_new\gamemanager.cpp(252): warning C4244: '인수': 'double'에서 'int'(으)로 변환하면서 데이터가 손실될 수 있습니다.
c:\users\a-03\downloads\rpg_game_sjh_new\rpg_game_sjh_new\gamemanager.cpp(254): warning C4244: '인수': 'double'에서 'int'(으)로 변환하면서 데이터가 손실될 수 있습니다.
c:\users\a-03\downloads\rpg_game_sjh_new\rpg_game_sjh_new\gamemanager.cpp(263): warning C4244: '인수': 'double'에서 'int'(으)로 변환하면서 데이터가 손실될 수 있습니다.
c:\users\a-03\downloads\rpg_game_sjh_new\rpg_game_sjh_new\gamemanager.cpp(264): warning C4244: '인수': 'double'에서 'int'(으)로 변환하면서 데이터가 손실될 수 있습니다.
c:\users\a-03\downloads\rpg_game_sjh_new\rpg_game_sjh_new\gamemanager.cpp(279): warning C4244: '인수': 'double'에서 'int'(으)로 변환하면서 데이터가 손실될 수 있습니다.
c:\users\a-03\downloads\rpg_game_sjh_new\rpg_game_sjh_new\gamemanager.cpp(281): warning C4244: '인수': 'double'에서 'int'(으)로 변환하면서 데이터가 손실될 수 있습니다.
c:\users\a-03\downloads\rpg_game_sjh_new\rpg_game_sjh_new\gamemanager.cpp(283): warning C4244: '인수': 'double'에서 'int'(으)로 변환하면서 데이터가 손실될 수 있습니다.
c:\users\a-03\downloads\rpg_game_sjh_new\rpg_game_sjh_new\gamemanager.cpp(237): warning C4996: 'getch': The POSIX name for this item is deprecated. Instead, use the ISO C and C++ conformant name: _getch. See online help for details.
  c:\program files (x86)\windows kits\10\include\10.0.17763.0\ucrt\conio.h(453): note: 'getch' 선언을 참조하십시오.
c:\users\a-03\downloads\rpg_game_sjh_new\rpg_game_sjh_new\gamemanager.cpp(257): warning C4996: 'getch': The POSIX name for this item is deprecated. Instead, use the ISO C and C++ conformant name: _getch. See online help for details.
  c:\program files (x86)\windows kits\10\include\10.0.17763.0\ucrt\conio.h(453): note: 'getch' 선언을 참조하십시오.
c:\users\a-03\downloads\rpg_game_sjh_new\rpg_game_sjh_new\gamemanager.cpp(266): warning C4996: 'getch': The POSIX name for this item is deprecated. Instead, use the ISO C and C++ conformant name: _getch. See online help for details.
  c:\program files (x86)\windows kits\10\include\10.0.17763.0\ucrt\conio.h(453): note: 'getch' 선언을 참조하십시오.
c:\users\a-03\downloads\rpg_game_sjh_new\rpg_game_sjh_new\gamemanager.cpp(286): warning C4996: 'getch': The POSIX name for this item is deprecated. Instead, use the ISO C and C++ conformant name: _getch. See online help for details.
  c:\program files (x86)\windows kits\10\include\10.0.17763.0\ucrt\conio.h(453): note: 'getch' 선언을 참조하십시오.
c:\users\a-03\downloads\rpg_game_sjh_new\rpg_game_sjh_new\gamemanager.cpp(332): warning C4244: '인수': 'double'에서 'int'(으)로 변환하면서 데이터가 손실될 수 있습니다.
c:\users\a-03\downloads\rpg_game_sjh_new\rpg_game_sjh_new\gamemanager.cpp(334): warning C4244: '인수': 'double'에서 'int'(으)로 변환하면서 데이터가 손실될 수 있습니다.
c:\users\a-03\downloads\rpg_game_sjh_new\rpg_game_sjh_new\gamemanager.cpp(335): warning C4244: '인수': 'double'에서 'int'(으)로 변환하면서 데이터가 손실될 수 있습니다.
c:\users\a-03\downloads\rpg_game_sjh_new\rpg_game_sjh_new\gamemanager.cpp(345): warning C4244: '인수': 'double'에서 'int'(으)로 변환하면서 데이터가 손실될 수 있습니다.
c:\users\a-03\downloads\rpg_game_sjh_new\rpg_game_sjh_new\gamemanager.cpp(395): warning C4244: '인수': 'double'에서 'int'(으)로 변환하면서 데이터가 손실될 수 있습니다.
c:\users\a-03\downloads\rpg_game_sjh_new\rpg_game_sjh_new\gamemanager.cpp(417): warning C4244: '인수': 'float'에서 'int'(으)로 변환하면서 데이터가 손실될 수 있습니다.
c:\users\a-03\downloads\rpg_game_sjh_new\rpg_game_sjh_new\gamemanager.cpp(418): warning C4244: '인수': 'float'에서 'int'(으)로 변환하면서 데이터가 손실될 수 있습니다.
c:\users\a-03\downloads\rpg_game_sjh_new\rpg_game_sjh_new\gamemanager.cpp(419): warning C4244: '인수': 'float'에서 'int'(으)로 변환하면서 데이터가 손실될 수 있습니다.
c:\users\a-03\downloads\rpg_game_sjh_new\rpg_game_sjh_new\gamemanager.cpp(420): warning C4244: '인수': 'float'에서 'int'(으)로 변환하면서 데이터가 손실될 수 있습니다.
c:\users\a-03\downloads\rpg_game_sjh_new\rpg_game_sjh_new\gamemanager.cpp(426): warning C4244: '인수': 'float'에서 'int'(으)로 변환하면서 데이터가 손실될 수 있습니다.
c:\users\a-03\downloads\rpg_game_sjh_new\rpg_game_sjh_new\gamemanager.cpp(427): warning C4244: '인수': 'float'에서 'int'(으)로 변환하면서 데이터가 손실될 수 있습니다.
c:\users\a-03\downloads\rpg_game_sjh_new\rpg_game_sjh_new\gamemanager.cpp(428): warning C4244: '인수': 'float'에서 'int'(으)로 변환하면서 데이터가 손실될 수 있습니다.
c:\users\a-03\downloads\rpg_game_sjh_new\rpg_game_sjh_new\gamemanager.cpp(429): warning C4244: '인수': 'float'에서 'int'(으)로 변환하면서 데이터가 손실될 수 있습니다.
c:\users\a-03\downloads\rpg_game_sjh_new\rpg_game_sjh_new\gamemanager.cpp(430): warning C4244: '인수': 'float'에서 'int'(으)로 변환하면서 데이터가 손실될 수 있습니다.
c:\users\a-03\downloads\rpg_game_sjh_new\rpg_game_sjh_new\gamemanager.cpp(431): warning C4244: '인수': 'float'에서 'int'(으)로 변환하면서 데이터가 손실될 수 있습니다.
c:\users\a-03\downloads\rpg_game_sjh_new\rpg_game_sjh_new\gamemanager.cpp(432): warning C4244: '인수': 'float'에서 'int'(으)로 변환하면서 데이터가 손실될 수 있습니다.
c:\users\a-03\downloads\rpg_game_sjh_new\rpg_game_sjh_new\gamemanager.cpp(440): warning C4244: '인수': 'double'에서 'int'(으)로 변환하면서 데이터가 손실될 수 있습니다.
c:\users\a-03\downloads\rpg_game_sjh_new\rpg_game_sjh_new\gamemanager.cpp(448): warning C4244: '인수': 'double'에서 'int'(으)로 변환하면서 데이터가 손실될 수 있습니다.
c:\users\a-03\downloads\rpg_game_sjh_new\rpg_game_sjh_new\gamemanager.cpp(454): warning C4244: '인수': 'float'에서 'int'(으)로 변환하면서 데이터가 손실될 수 있습니다.
c:\users\a-03\downloads\rpg_game_sjh_new\rpg_game_sjh_new\gamemanager.cpp(449): warning C4996: 'getch': The POSIX name for this item is deprecated. Instead, use the ISO C and C++ conformant name: _getch. See online help for details.
  c:\program files (x86)\windows kits\10\include\10.0.17763.0\ucrt\conio.h(453): note: 'getch' 선언을 참조하십시오.
c:\users\a-03\downloads\rpg_game_sjh_new\rpg_game_sjh_new\gamemanager.cpp(455): warning C4996: 'getch': The POSIX name for this item is deprecated. Instead, use the ISO C and C++ conformant name: _getch. See online help for details.
  c:\program files (x86)\windows kits\10\include\10.0.17763.0\ucrt\conio.h(453): note: 'getch' 선언을 참조하십시오.
c:\users\a-03\downloads\rpg_game_sjh_new\rpg_game_sjh_new\gamemanager.cpp(512): warning C4996: 'getch': The POSIX name for this item is deprecated. Instead, use the ISO C and C++ conformant name: _getch. See online help for details.
  c:\program files (x86)\windows kits\10\include\10.0.17763.0\ucrt\conio.h(453): note: 'getch' 선언을 참조하십시오.
c:\users\a-03\downloads\rpg_game_sjh_new\rpg_game_sjh_new\gamemanager.cpp(522): warning C4244: '초기화 중': 'float'에서 'int'(으)로 변환하면서 데이터가 손실될 수 있습니다.
c:\users\a-03\downloads\rpg_game_sjh_new\rpg_game_sjh_new\gamemanager.cpp(549): warning C4244: '인수': 'double'에서 'int'(으)로 변환하면서 데이터가 손실될 수 있습니다.
  Shop.cpp
c:\users\a-03\downloads\rpg_game_sjh_new\rpg_game_sjh_new\mapdraw.h(19): warning C4838: 'int'에서 'SHORT'(으)로의 변환에는 축소 변환이 필요합니다.
c:\users\a-03\downloads\rpg_game_sjh_new\rpg_game_sjh_new\weapon.h(55): warning C4244: '인수': 'float'에서 'int'(으)로 변환하면서 데이터가 손실될 수 있습니다.
c:\users\a-03\downloads\rpg_game_sjh_new\rpg_game_sjh_new\weapon.h(59): warning C4244: '인수': 'float'에서 'int'(으)로 변환하면서 데이터가 손실될 수 있습니다.
c:\users\a-03\downloads\rpg_game_sjh_new\rpg_game_sjh_new\weapon.h(60): warning C4996: 'getch': The POSIX name for this item is deprecated. Instead, use the ISO C and C++ conformant name: _getch. See online help for details.
  c:\program files (x86)\windows kits\10\include\10.0.17763.0\ucrt\conio.h(453): note: 'getch' 선언을 참조하십시오.
c:\users\a-03\downloads\rpg_game_sjh_new\rpg_game_sjh_new\weapon.h(73): warning C4244: '인수': 'float'에서 'int'(으)로 변환하면서 데이터가 손실될 수 있습니다.
c:\users\a-03\downloads\rpg_game_sjh_new\rpg_game_sjh_new\weapon.h(77): warning C4244: '인수': 'float'에서 'int'(으)로 변환하면서 데이터가 손실될 수 있습니다.
c:\users\a-03\downloads\rpg_game_sjh_new\rpg_game_sjh_new\weapon.h(78): warning C4996: 'getch': The POSIX name for this item is deprecated. Instead, use the ISO C and C++ conformant name: _getch. See online help for details.
  c:\program files (x86)\windows kits\10\include\10.0.17763.0\ucrt\conio.h(453): note: 'getch' 선언을 참조하십시오.
c:\users\a-03\downloads\rpg_game_sjh_new\rpg_game_sjh_new\weapon.h(91): warning C4244: '인수': 'float'에서 'int'(으)로 변환하면서 데이터가 손실될 수 있습니다.
c:\users\a-03\downloads\rpg_game_sjh_new\rpg_game_sjh_new\weapon.h(95): warning C4244: '인수': 'float'에서 'int'(으)로 변환하면서 데이터가 손실될 수 있습니다.
c:\users\a-03\downloads\rpg_game_sjh_new\rpg_game_sjh_new\weapon.h(96): warning C4996: 'getch': The POSIX name for this item is deprecated. Instead, use the ISO C and C++ conformant name: _getch. See online help for details.
  c:\program files (x86)\windows kits\10\include\10.0.17763.0\ucrt\conio.h(453): note: 'getch' 선언을 참조하십시오.
c:\users\a-03\downloads\rpg_game_sjh_new\rpg_game_sjh_new\weapon.h(108): warning C4244: '인수': 'float'에서 'int'(으)로 변환하면서 데이터가 손실될 수 있습니다.
c:\users\a-03\downloads\rpg_game_sjh_new\rpg_game_sjh_new\weapon.h(112): warning C4244: '인수': 'float'에서 'int'(으)로 변환하면서 데이터가 손실될 수 있습니다.
c:\users\a-03\downloads\rpg_game_sjh_new\rpg_game_sjh_new\weapon.h(113): warning C4996: 'getch': The POSIX name for this item is deprecated. Instead, use the ISO C and C++ conformant name: _getch. See online help for details.
  c:\program files (x86)\windows kits\10\include\10.0.17763.0\ucrt\conio.h(453): note: 'getch' 선언을 참조하십시오.
c:\users\a-03\downloads\rpg_game_sjh_new\rpg_game_sjh_new\weapon.h(126): warning C4244: '인수': 'float'에서 'int'(으)로 변환하면서 데이터가 손실될 수 있습니다.
c:\users\a-03\downloads\rpg_game_sjh_new\rpg_game_sjh_new\weapon.h(130): warning C4244: '인수': 'float'에서 'int'(으)로 변환하면서 데이터가 손실될 수 있습니다.
c:\users\a-03\downloads\rpg_game_sjh_new\rpg_game_sjh_new\weapon.h(131): warning C4996: 'getch': The POSIX name for this item is deprecated. Instead, use the ISO C and C++ conformant name: _getch. See online help for details.
  c:\program files (x86)\windows kits\10\include\10.0.17763.0\ucrt\conio.h(453): note: 'getch' 선언을 참조하십시오.
c:\users\a-03\downloads\rpg_game_sjh_new\rpg_game_sjh_new\weapon.h(144): warning C4244: '인수': 'float'에서 'int'(으)로 변환하면서 데이터가 손실될 수 있습니다.
c:\users\a-03\downloads\rpg_game_sjh_new\rpg_game_sjh_new\weapon.h(148): warning C4244: '인수': 'float'에서 'int'(으)로 변환하면서 데이터가 손실될 수 있습니다.
c:\users\a-03\downloads\rpg_game_sjh_new\rpg_game_sjh_new\weapon.h(150): warning C4244: 'return': 'float'에서 'int'(으)로 변환하면서 데이터가 손실될 수 있습니다.
c:\users\a-03\downloads\rpg_game_sjh_new\rpg_game_sjh_new\weapon.h(149): warning C4996: 'getch': The POSIX name for this item is deprecated. Instead, use the ISO C and C++ conformant name: _getch. See online help for details.
  c:\program files (x86)\windows kits\10\include\10.0.17763.0\ucrt\conio.h(453): note: 'getch' 선언을 참조하십시오.
c:\users\a-03\downloads\rpg_game_sjh_new\rpg_game_sjh_new\shop.cpp(13): warning C4244: '=': 'double'에서 'int'(으)로 변환하면서 데이터가 손실될 수 있습니다.
c:\users\a-03\downloads\rpg_game_sjh_new\rpg_game_sjh_new\shop.cpp(91): warning C4244: '인수': 'double'에서 'int'(으)로 변환하면서 데이터가 손실될 수 있습니다.
c:\users\a-03\downloads\rpg_game_sjh_new\rpg_game_sjh_new\shop.cpp(92): warning C4244: '인수': 'double'에서 'int'(으)로 변환하면서 데이터가 손실될 수 있습니다.
c:\users\a-03\downloads\rpg_game_sjh_new\rpg_game_sjh_new\shop.cpp(93): warning C4244: '인수': 'double'에서 'int'(으)로 변환하면서 데이터가 손실될 수 있습니다.
c:\users\a-03\downloads\rpg_game_sjh_new\rpg_game_sjh_new\shop.cpp(94): warning C4244: '인수': 'double'에서 'int'(으)로 변환하면서 데이터가 손실될 수 있습니다.
c:\users\a-03\downloads\rpg_game_sjh_new\rpg_game_sjh_new\shop.cpp(95): warning C4244: '인수': 'double'에서 'int'(으)로 변환하면서 데이터가 손실될 수 있습니다.
c:\users\a-03\downloads\rpg_game_sjh_new\rpg_game_sjh_new\shop.cpp(96): warning C4244: '인수': 'double'에서 'int'(으)로 변환하면서 데이터가 손실될 수 있습니다.
c:\users\a-03\downloads\rpg_game_sjh_new\rpg_game_sjh_new\shop.cpp(97): warning C4244: '인수': 'double'에서 'int'(으)로 변환하면서 데이터가 손실될 수 있습니다.
c:\users\a-03\downloads\rpg_game_sjh_new\rpg_game_sjh_new\shop.cpp(110): warning C4244: '인수': 'double'에서 'int'(으)로 변환하면서 데이터가 손실될 수 있습니다.
  코드를 생성하고 있습니다...
  RPG_GAME_SJH_NEW.vcxproj -> C:\Users\A-03\Downloads\RPG_GAME_SJH_NEW\x64\Debug\RPG_GAME_SJH_NEW.exe
